\BOOKMARK [1][-]{section.1}{\376\377\000T\000u\000t\000o\000r\000i\000u\000m\000\040\0001\0000\000.\0000\0004\000.\0002\0005}{}% 1
\BOOKMARK [2][-]{subsection.1.1}{\376\377\000O\000r\000g\000a\000n\000i\000s\000a\000t\000o\000r\000i\000s\000c\000h\000e\000s}{section.1}% 2
\BOOKMARK [2][-]{subsection.1.2}{\376\377\000L\000i\000t\000e\000r\000a\000t\000u\000r\000e\000m\000p\000f\000e\000h\000l\000u\000n\000g\000e\000n}{section.1}% 3
\BOOKMARK [1][-]{section.2}{\376\377\000T\000u\000t\000o\000r\000i\000u\000m\000\040\0001\0007\000.\0000\0004\000.\0002\0005}{}% 4
\BOOKMARK [2][-]{subsection.2.1}{\376\377\000W\000i\000e\000d\000e\000r\000h\000o\000l\000u\000n\000g\000\040\000-\000\040\000K\000o\000m\000p\000l\000e\000x\000e\000\040\000Z\000a\000h\000l\000e\000n}{section.2}% 5
\BOOKMARK [1][-]{section.3}{\376\377\000T\000u\000t\000o\000r\000i\000u\000m\000\040\0002\0004\000.\0000\0004\000.\0002\0005}{}% 6
\BOOKMARK [2][-]{subsection.3.1}{\376\377\000A\000t\000l\000a\000n\000t\000e\000n\000,\000\040\000O\000r\000i\000e\000n\000t\000i\000e\000r\000u\000n\000g\000e\000n\000\040\000u\000n\000d\000\040\000d\000e\000r\000\040\000S\000a\000t\000z\000\040\000v\000o\000n\000\040\000S\000t\000o\000k\000e\000s}{section.3}% 7
\BOOKMARK [1][-]{section.4}{\376\377\000T\000u\000t\000o\000r\000i\000u\000m\000\040\0000\0008\000.\0000\0005\000.\0002\0005}{}% 8
\BOOKMARK [2][-]{subsection.4.1}{\376\377\000F\000u\000n\000k\000t\000i\000o\000n\000e\000n\000t\000h\000e\000o\000r\000i\000e\000\040\000i\000s\000t\000\040\000n\000i\000c\000h\000t\000\040\000r\000e\000e\000l\000l\000e\000\040\000A\000n\000a\000l\000y\000s\000i\000s\000\040\000i\000n\000\040\000z\000w\000e\000i\000\040\000V\000a\000r\000i\000a\000b\000l\000e\000n}{section.4}% 9
\BOOKMARK [1][-]{section.5}{\376\377\000T\000u\000t\000o\000r\000i\000u\000m\000\040\0001\0005\000.\0000\0005\000.\0002\0005}{}% 10
\BOOKMARK [2][-]{subsection.5.1}{\376\377\000D\000e\000r\000\040\000C\000a\000u\000c\000h\000y\000s\000c\000h\000e\000\040\000I\000n\000t\000e\000g\000r\000a\000l\000s\000a\000t\000z}{section.5}% 11
\BOOKMARK [2][-]{subsection.5.2}{\376\377\000D\000i\000e\000\040\000C\000a\000u\000c\000h\000y\000s\000c\000h\000e\000\040\000I\000n\000t\000e\000g\000r\000a\000l\000f\000o\000r\000m\000e\000l\000\040\000u\000n\000d\000\040\000d\000e\000r\000\040\000P\000o\000t\000e\000n\000z\000r\000e\000i\000h\000e\000n\000e\000n\000t\000w\000i\000c\000k\000l\000u\000n\000g\000s\000s\000a\000t\000z}{section.5}% 12
\BOOKMARK [1][-]{section.6}{\376\377\000T\000u\000t\000o\000r\000i\000u\000m\000\040\0001\0008\000.\0000\0006\000.\0002\0000\0002\0005}{}% 13
\BOOKMARK [2][-]{subsection.6.1}{\376\377\000V\000e\000k\000t\000o\000r\000r\000\344\000u\000m\000e\000\040\000u\000n\000d\000\040\000B\000a\000s\000e\000n}{section.6}% 14
\BOOKMARK [2][-]{subsection.6.2}{\376\377\000L\000i\000n\000e\000a\000r\000e\000\040\000O\000p\000e\000r\000a\000t\000o\000r\000e\000n\000\040\000a\000u\000f\000\040\000H\000i\000l\000b\000e\000r\000t\000r\000\344\000u\000m\000e\000n}{section.6}% 15
\BOOKMARK [2][-]{subsection.6.3}{\376\377\000S\000p\000e\000k\000t\000r\000e\000n\000\040\000u\000n\000d\000\040\000O\000r\000t\000h\000o\000g\000o\000n\000a\000l\000p\000r\000o\000j\000e\000k\000t\000i\000o\000n}{section.6}% 16
\BOOKMARK [1][-]{section.7}{\376\377\000T\000u\000t\000o\000r\000i\000u\000m\000\040\0002\0006\000.\0000\0006\000.\0002\0005}{}% 17
\BOOKMARK [2][-]{subsection.7.1}{\376\377\000L\000i\000n\000e\000a\000r\000e\000\040\000O\000p\000e\000r\000a\000t\000o\000r\000e\000n\000\040\000a\000u\000f\000\040\000H\000i\000l\000b\000e\000r\000t\000r\000\344\000u\000m\000e\000n}{section.7}% 18
\BOOKMARK [2][-]{subsection.7.2}{\376\377\000B\000a\000s\000i\000s\000d\000a\000r\000s\000t\000e\000l\000l\000u\000n\000g\000\040\000l\000i\000n\000e\000a\000r\000e\000r\000\040\000O\000p\000e\000r\000a\000t\000o\000r\000e\000n}{section.7}% 19
\BOOKMARK [1][-]{section.8}{\376\377\000T\000u\000t\000o\000r\000i\000u\000m\000\040\0000\0003\000.\0000\0007\000.\0002\0005}{}% 20
\BOOKMARK [2][-]{subsection.8.1}{\376\377\000E\000n\000d\000l\000i\000c\000h\000-\000D\000i\000m\000e\000n\000s\000i\000o\000n\000a\000l\000e\000\040\000S\000p\000e\000k\000t\000r\000a\000l\000s\000\344\000t\000z\000e}{section.8}% 21
\BOOKMARK [2][-]{subsection.8.2}{\376\377\000S\000p\000e\000k\000t\000r\000a\000l\000s\000\344\000t\000z\000e\000\040\000f\000\374\000r\000\040\000k\000o\000m\000p\000a\000k\000t\000e\000\040\000O\000p\000e\000r\000a\000t\000o\000r\000e\000n}{section.8}% 22
\BOOKMARK [2][-]{subsection.8.3}{\376\377\000B\000a\000n\000a\000c\000h\000-\000A\000l\000g\000e\000b\000r\000e\000n\000\040\000u\000n\000d\000\040\000-\000A\000l\000g\000e\000b\000r\000e\000n}{section.8}% 23
\BOOKMARK [2][-]{subsection.8.4}{\376\377\000S\000p\000e\000k\000t\000r\000a\000l\000s\000a\000t\000z\000\040\000f\000\374\000r\000\040\000b\000e\000s\000c\000h\000r\000\344\000n\000k\000t\000e\000\040\000O\000p\000e\000r\000a\000t\000o\000r\000e\000n}{section.8}% 24
